INFO:root:Brak dostępnych Zaufany Skuter w Szarych Szeregów 11 podczas 7-11
INFO:root:Status odpowiedzi: 201, powód: Created
INFO:root:Status odpowiedzi: 201, powód: Created
INFO:root:Brak dostępnych Zaufany Skuter w Solidarności 155 podczas 7-11
INFO:root:Status odpowiedzi: 201, powód: Created
INFO:root:Status odpowiedzi: 201, powód: Created
INFO:root:Status odpowiedzi: 201, powód: Created
INFO:root:Brak dostępnych Zaufany E-bike w Herbu Janina 5 podczas 7-11
INFO:root:Status odpowiedzi: 201, powód: Created
INFO:root:Status odpowiedzi: 201, powód: Created
INFO:root:Brak dostępnych Zaufany Skuter w Rydygiera 13 podczas 7-11
INFO:root:Status odpowiedzi: 201, powód: Created
INFO:root:Status odpowiedzi: 201, powód: Created
INFO:root:Brak dostępnych Zaufany Skuter w Puławska 17 podczas 7-11
INFO:root:Brak dostępnych Zaufany E-bike w Puławska 17 podczas 7-11
INFO:root:Status odpowiedzi: 201, powód: Created
INFO:root:Brak dostępnych Zaufany Skuter w Sielecka 35 podczas 7-11
INFO:root:Status odpowiedzi: 201, powód: Created
INFO:root:Status odpowiedzi: 201, powód: Created
INFO:root:Brak dostępnych Zaufany Skuter w Dolna 41 podczas 7-11
INFO:root:Status odpowiedzi: 201, powód: Created
INFO:root:Status odpowiedzi: 201, powód: Created
INFO:root:Status odpowiedzi: 201, powód: Created
INFO:root:Status odpowiedzi: 201, powód: Created
INFO:root:Status odpowiedzi: 201, powód: Created
INFO:root:Brak dostępnych Zaufany Skuter w Elektryczna 2 podczas 7-11
INFO:root:Status odpowiedzi: 201, powód: Created
INFO:root:Status odpowiedzi: 201, powód: Created
INFO:root:Status odpowiedzi: 201, powód: Created
INFO:root:Brak dostępnych Zaufany E-bike w Grenadierów 11 podczas 7-11
INFO:root:Status odpowiedzi: 201, powód: Created
INFO:root:Brak dostępnych Zaufany Skuter w Hawajska 11 podczas 7-11
INFO:root:Status odpowiedzi: 201, powód: Created
INFO:root:Status odpowiedzi: 201, powód: Created
INFO:root:Status odpowiedzi: 201, powód: Created
INFO:root:Brak dostępnych Zaufany E-bike w Kamienna 1 podczas 7-11
INFO:root:Status odpowiedzi: 201, powód: Created
INFO:root:Status odpowiedzi: 201, powód: Created
INFO:root:Brak dostępnych Zaufany Skuter w Międzynarodowa 42 podczas 7-11
INFO:root:Brak dostępnych Zaufany E-bike w Międzynarodowa 42 podczas 7-11
INFO:root:Status odpowiedzi: 201, powód: Created
INFO:root:Status odpowiedzi: 201, powód: Created
INFO:root:Status odpowiedzi: 201, powód: Created
INFO:root:Status odpowiedzi: 201, powód: Created
INFO:root:Brak dostępnych Zaufany E-bike w Konstruktorska 13a podczas 7-11
INFO:root:Status odpowiedzi: 201, powód: Created
INFO:root:Status odpowiedzi: 201, powód: Created
INFO:root:Brak dostępnych Zaufany Skuter w Lekarska 1 podczas 7-11
INFO:root:Status odpowiedzi: 201, powód: Created
INFO:root:Brak dostępnych Zaufany Skuter w Mogilska 21 podczas 7-11
INFO:root:Status odpowiedzi: 201, powód: Created
INFO:root:Status odpowiedzi: 201, powód: Created
INFO:root:Brak dostępnych Zaufany Skuter w Walerego Sławka 15 podczas 7-11
INFO:root:Brak dostępnych Zaufany E-bike w Walerego Sławka 15 podczas 7-11
INFO:root:Status odpowiedzi: 201, powód: Created
INFO:root:Brak dostępnych Zaufany Skuter w Wrocławska 53B podczas 7-11
INFO:root:Brak dostępnych Zaufany E-bike w Wrocławska 53B podczas 7-11
INFO:root:Status odpowiedzi: 201, powód: Created
INFO:root:Status odpowiedzi: 201, powód: Created
INFO:root:Status odpowiedzi: 201, powód: Created
INFO:root:Brak dostępnych Zaufany Skuter w Rakoczego 19 podczas 7-11
INFO:root:Brak dostępnych Zaufany E-bike w Rakoczego 19 podczas 7-11
INFO:root:Status odpowiedzi: 201, powód: Created
INFO:root:Status odpowiedzi: 201, powód: Created
INFO:root:Status odpowiedzi: 201, powód: Created
INFO:root:Status odpowiedzi: 201, powód: Created
INFO:root:Status odpowiedzi: 201, powód: Created
INFO:root:Status odpowiedzi: 201, powód: Created
INFO:root:Status odpowiedzi: 201, powód: Created
INFO:root:Status odpowiedzi: 201, powód: Created
INFO:root:Status odpowiedzi: 201, powód: Created
INFO:root:Status odpowiedzi: 201, powód: Created
INFO:root:Status odpowiedzi: 201, powód: Created
INFO:root:Status odpowiedzi: 201, powód: Created
INFO:root:Status odpowiedzi: 201, powód: Created
INFO:root:Status odpowiedzi: 201, powód: Created
INFO:root:Status odpowiedzi: 201, powód: Created
INFO:root:Status odpowiedzi: 201, powód: Created
INFO:root:Status odpowiedzi: 201, powód: Created
INFO:root:Status odpowiedzi: 201, powód: Created
INFO:root:Brak dostępnych Zaufany Skuter w Szarych Szeregów 11 podczas 11-15
INFO:root:Status odpowiedzi: 201, powód: Created
INFO:root:Status odpowiedzi: 201, powód: Created
INFO:root:Brak dostępnych Zaufany Skuter w Solidarności 155 podczas 11-15
INFO:root:Status odpowiedzi: 201, powód: Created
INFO:root:Status odpowiedzi: 201, powód: Created
INFO:root:Status odpowiedzi: 201, powód: Created
INFO:root:Brak dostępnych Zaufany E-bike w Herbu Janina 5 podczas 11-15
INFO:root:Status odpowiedzi: 201, powód: Created
INFO:root:Status odpowiedzi: 201, powód: Created
INFO:root:Brak dostępnych Zaufany Skuter w Rydygiera 13 podczas 11-15
INFO:root:Status odpowiedzi: 201, powód: Created
INFO:root:Brak dostępnych Zaufany Skuter w Puławska 17 podczas 11-15
INFO:root:Brak dostępnych Zaufany E-bike w Puławska 17 podczas 11-15
INFO:root:Status odpowiedzi: 201, powód: Created
INFO:root:Brak dostępnych Zaufany Skuter w Sielecka 35 podczas 11-15
INFO:root:Status odpowiedzi: 201, powód: Created
INFO:root:Status odpowiedzi: 201, powód: Created
INFO:root:Brak dostępnych Zaufany Skuter w Dolna 41 podczas 11-15
INFO:root:Status odpowiedzi: 201, powód: Created
INFO:root:Status odpowiedzi: 201, powód: Created
INFO:root:Status odpowiedzi: 201, powód: Created
INFO:root:Status odpowiedzi: 201, powód: Created
INFO:root:Status odpowiedzi: 201, powód: Created
INFO:root:Brak dostępnych Zaufany Skuter w Elektryczna 2 podczas 11-15
INFO:root:Status odpowiedzi: 201, powód: Created
INFO:root:Status odpowiedzi: 201, powód: Created
INFO:root:Status odpowiedzi: 201, powód: Created
INFO:root:Brak dostępnych Zaufany E-bike w Grenadierów 11 podczas 11-15
INFO:root:Status odpowiedzi: 201, powód: Created
INFO:root:Brak dostępnych Zaufany Skuter w Hawajska 11 podczas 11-15
INFO:root:Status odpowiedzi: 201, powód: Created
INFO:root:Status odpowiedzi: 201, powód: Created
INFO:root:Status odpowiedzi: 201, powód: Created
INFO:root:Brak dostępnych Zaufany E-bike w Kamienna 1 podczas 11-15
INFO:root:Status odpowiedzi: 201, powód: Created
INFO:root:Status odpowiedzi: 201, powód: Created
INFO:root:Status odpowiedzi: 201, powód: Created
INFO:root:Status odpowiedzi: 201, powód: Created
INFO:root:Brak dostępnych Zaufany Skuter w Międzynarodowa 42 podczas 11-15
INFO:root:Brak dostępnych Zaufany E-bike w Międzynarodowa 42 podczas 11-15
INFO:root:Status odpowiedzi: 201, powód: Created
INFO:root:Status odpowiedzi: 201, powód: Created
INFO:root:Status odpowiedzi: 201, powód: Created
INFO:root:Status odpowiedzi: 201, powód: Created
INFO:root:Brak dostępnych Zaufany E-bike w Konstruktorska 13a podczas 11-15
INFO:root:Status odpowiedzi: 201, powód: Created
INFO:root:Status odpowiedzi: 201, powód: Created
INFO:root:Status odpowiedzi: 201, powód: Created
INFO:root:Status odpowiedzi: 201, powód: Created
INFO:root:Brak dostępnych Zaufany Skuter w Lekarska 1 podczas 11-15
INFO:root:Status odpowiedzi: 201, powód: Created
INFO:root:Brak dostępnych Zaufany Skuter w Mogilska 21 podczas 11-15
INFO:root:Status odpowiedzi: 201, powód: Created
INFO:root:Status odpowiedzi: 201, powód: Created
INFO:root:Brak dostępnych Zaufany Skuter w Walerego Sławka 15 podczas 11-15
INFO:root:Brak dostępnych Zaufany E-bike w Walerego Sławka 15 podczas 11-15
INFO:root:Status odpowiedzi: 201, powód: Created
INFO:root:Brak dostępnych Zaufany Skuter w Wrocławska 53B podczas 11-15
INFO:root:Brak dostępnych Zaufany E-bike w Wrocławska 53B podczas 11-15
INFO:root:Status odpowiedzi: 201, powód: Created
INFO:root:Status odpowiedzi: 201, powód: Created
INFO:root:Status odpowiedzi: 201, powód: Created
INFO:root:Status odpowiedzi: 201, powód: Created
INFO:root:Brak dostępnych Zaufany Skuter w Rakoczego 19 podczas 11-15
INFO:root:Brak dostępnych Zaufany E-bike w Rakoczego 19 podczas 11-15
INFO:root:Status odpowiedzi: 201, powód: Created
INFO:root:Brak dostępnych Zaufany Skuter w Szarych Szeregów 11 podczas 15-19
INFO:root:Status odpowiedzi: 201, powód: Created
INFO:root:Status odpowiedzi: 201, powód: Created
INFO:root:Brak dostępnych Zaufany Skuter w Solidarności 155 podczas 15-19
INFO:root:Status odpowiedzi: 201, powód: Created
INFO:root:Status odpowiedzi: 201, powód: Created
INFO:root:Status odpowiedzi: 201, powód: Created
INFO:root:Brak dostępnych Zaufany E-bike w Herbu Janina 5 podczas 15-19
INFO:root:Status odpowiedzi: 201, powód: Created
INFO:root:Status odpowiedzi: 201, powód: Created
INFO:root:Brak dostępnych Zaufany E-bike w Człuchowska 35a podczas 15-19
INFO:root:Status odpowiedzi: 201, powód: Created
INFO:root:Brak dostępnych Zaufany Skuter w Rydygiera 13 podczas 15-19
INFO:root:Status odpowiedzi: 201, powód: Created
INFO:root:Brak dostępnych Zaufany Skuter w Puławska 17 podczas 15-19
INFO:root:Brak dostępnych Zaufany E-bike w Puławska 17 podczas 15-19
INFO:root:Status odpowiedzi: 201, powód: Created
INFO:root:Brak dostępnych Zaufany Skuter w Sielecka 35 podczas 15-19
INFO:root:Status odpowiedzi: 201, powód: Created
INFO:root:Status odpowiedzi: 201, powód: Created
INFO:root:Brak dostępnych Zaufany Skuter w Dolna 41 podczas 15-19
INFO:root:Status odpowiedzi: 201, powód: Created
INFO:root:Status odpowiedzi: 201, powód: Created
INFO:root:Status odpowiedzi: 201, powód: Created
INFO:root:Status odpowiedzi: 201, powód: Created
INFO:root:Status odpowiedzi: 201, powód: Created
INFO:root:Brak dostępnych Zaufany Skuter w Elektryczna 2 podczas 15-19
INFO:root:Status odpowiedzi: 201, powód: Created
INFO:root:Status odpowiedzi: 201, powód: Created
INFO:root:Status odpowiedzi: 201, powód: Created
INFO:root:Brak dostępnych Zaufany E-bike w Grenadierów 11 podczas 15-19
INFO:root:Status odpowiedzi: 201, powód: Created
INFO:root:Brak dostępnych Zaufany Skuter w Hawajska 11 podczas 15-19
INFO:root:Status odpowiedzi: 201, powód: Created
INFO:root:Status odpowiedzi: 201, powód: Created
INFO:root:Status odpowiedzi: 201, powód: Created
INFO:root:Brak dostępnych Zaufany E-bike w Kamienna 1 podczas 15-19
INFO:root:Status odpowiedzi: 201, powód: Created
INFO:root:Status odpowiedzi: 201, powód: Created
INFO:root:Status odpowiedzi: 201, powód: Created
INFO:root:Status odpowiedzi: 201, powód: Created
INFO:root:Brak dostępnych Zaufany Skuter w Międzynarodowa 42 podczas 15-19
INFO:root:Brak dostępnych Zaufany E-bike w Międzynarodowa 42 podczas 15-19
INFO:root:Status odpowiedzi: 201, powód: Created
INFO:root:Status odpowiedzi: 201, powód: Created
INFO:root:Status odpowiedzi: 201, powód: Created
INFO:root:Status odpowiedzi: 201, powód: Created
INFO:root:Status odpowiedzi: 201, powód: Created
INFO:root:Brak dostępnych Zaufany E-bike w Konstruktorska 13a podczas 15-19
INFO:root:Status odpowiedzi: 201, powód: Created
INFO:root:Status odpowiedzi: 201, powód: Created
INFO:root:Status odpowiedzi: 201, powód: Created
INFO:root:Status odpowiedzi: 201, powód: Created
INFO:root:Brak dostępnych Zaufany Skuter w Lekarska 1 podczas 15-19
INFO:root:Status odpowiedzi: 201, powód: Created
INFO:root:Status odpowiedzi: 201, powód: Created
INFO:root:Brak dostępnych Zaufany Skuter w Mogilska 21 podczas 15-19
INFO:root:Status odpowiedzi: 201, powód: Created
INFO:root:Status odpowiedzi: 201, powód: Created
INFO:root:Brak dostępnych Zaufany Skuter w Walerego Sławka 15 podczas 15-19
INFO:root:Brak dostępnych Zaufany E-bike w Walerego Sławka 15 podczas 15-19
INFO:root:Status odpowiedzi: 201, powód: Created
INFO:root:Brak dostępnych Zaufany Skuter w Wrocławska 53B podczas 15-19
INFO:root:Brak dostępnych Zaufany E-bike w Wrocławska 53B podczas 15-19
INFO:root:Status odpowiedzi: 201, powód: Created
INFO:root:Status odpowiedzi: 201, powód: Created
INFO:root:Status odpowiedzi: 201, powód: Created
INFO:root:Status odpowiedzi: 201, powód: Created
INFO:root:Status odpowiedzi: 201, powód: Created
INFO:root:Brak dostępnych Zaufany Skuter w Rakoczego 19 podczas 15-19
INFO:root:Brak dostępnych Zaufany E-bike w Rakoczego 19 podczas 15-19
INFO:root:Status odpowiedzi: 201, powód: Created
INFO:root:Brak dostępnych Zaufany Skuter w Szarych Szeregów 11 podczas 19-23:30
INFO:root:Status odpowiedzi: 201, powód: Created
INFO:root:Status odpowiedzi: 201, powód: Created
INFO:root:Brak dostępnych Zaufany Skuter w Solidarności 155 podczas 19-23:30
INFO:root:Status odpowiedzi: 201, powód: Created
INFO:root:Status odpowiedzi: 201, powód: Created
INFO:root:Status odpowiedzi: 201, powód: Created
INFO:root:Brak dostępnych Zaufany E-bike w Herbu Janina 5 podczas 19-23:30
INFO:root:Status odpowiedzi: 201, powód: Created
INFO:root:Status odpowiedzi: 201, powód: Created
INFO:root:Brak dostępnych Zaufany E-bike w Człuchowska 35a podczas 19-23:30
INFO:root:Status odpowiedzi: 201, powód: Created
INFO:root:Brak dostępnych Zaufany Skuter w Rydygiera 13 podczas 19-23:30
INFO:root:Status odpowiedzi: 201, powód: Created
INFO:root:Status odpowiedzi: 201, powód: Created
INFO:root:Brak dostępnych Zaufany Skuter w Puławska 17 podczas 19-23:30
INFO:root:Brak dostępnych Zaufany E-bike w Puławska 17 podczas 19-23:30
INFO:root:Status odpowiedzi: 201, powód: Created
INFO:root:Brak dostępnych Zaufany Skuter w Sielecka 35 podczas 19-23:30
INFO:root:Status odpowiedzi: 201, powód: Created
INFO:root:Status odpowiedzi: 201, powód: Created
INFO:root:Brak dostępnych Zaufany Skuter w Dolna 41 podczas 19-23:30
INFO:root:Status odpowiedzi: 201, powód: Created
INFO:root:Status odpowiedzi: 201, powód: Created
INFO:root:Status odpowiedzi: 201, powód: Created
INFO:root:Status odpowiedzi: 201, powód: Created
INFO:root:Status odpowiedzi: 201, powód: Created
INFO:root:Brak dostępnych Zaufany Skuter w Elektryczna 2 podczas 19-23:30
INFO:root:Status odpowiedzi: 201, powód: Created
INFO:root:Status odpowiedzi: 201, powód: Created
INFO:root:Status odpowiedzi: 201, powód: Created
INFO:root:Brak dostępnych Zaufany E-bike w Grenadierów 11 podczas 19-23:30
INFO:root:Status odpowiedzi: 201, powód: Created
INFO:root:Brak dostępnych Zaufany Skuter w Hawajska 11 podczas 19-23:30
INFO:root:Status odpowiedzi: 201, powód: Created
INFO:root:Status odpowiedzi: 201, powód: Created
INFO:root:Status odpowiedzi: 201, powód: Created
INFO:root:Brak dostępnych Zaufany E-bike w Kamienna 1 podczas 19-23:30
INFO:root:Status odpowiedzi: 201, powód: Created
INFO:root:Status odpowiedzi: 201, powód: Created
INFO:root:Status odpowiedzi: 201, powód: Created
INFO:root:Status odpowiedzi: 201, powód: Created
INFO:root:Brak dostępnych Zaufany Skuter w Międzynarodowa 42 podczas 19-23:30
INFO:root:Brak dostępnych Zaufany E-bike w Międzynarodowa 42 podczas 19-23:30
INFO:root:Status odpowiedzi: 201, powód: Created
INFO:root:Status odpowiedzi: 201, powód: Created
INFO:root:Status odpowiedzi: 201, powód: Created
INFO:root:Status odpowiedzi: 201, powód: Created
INFO:root:Status odpowiedzi: 201, powód: Created
INFO:root:Brak dostępnych Zaufany E-bike w Konstruktorska 13a podczas 19-23:30
INFO:root:Status odpowiedzi: 201, powód: Created
INFO:root:Status odpowiedzi: 201, powód: Created
INFO:root:Status odpowiedzi: 201, powód: Created
INFO:root:Status odpowiedzi: 201, powód: Created
INFO:root:Brak dostępnych Zaufany Skuter w Lekarska 1 podczas 19-23:30
INFO:root:Status odpowiedzi: 201, powód: Created
INFO:root:Status odpowiedzi: 201, powód: Created
INFO:root:Brak dostępnych Zaufany Skuter w Mogilska 21 podczas 19-23:30
INFO:root:Status odpowiedzi: 201, powód: Created
INFO:root:Status odpowiedzi: 201, powód: Created
INFO:root:Brak dostępnych Zaufany Skuter w Walerego Sławka 15 podczas 19-23:30
INFO:root:Brak dostępnych Zaufany E-bike w Walerego Sławka 15 podczas 19-23:30
INFO:root:Status odpowiedzi: 201, powód: Created
INFO:root:Brak dostępnych Zaufany Skuter w Wrocławska 53B podczas 19-23:30
INFO:root:Brak dostępnych Zaufany E-bike w Wrocławska 53B podczas 19-23:30
INFO:root:Status odpowiedzi: 201, powód: Created
INFO:root:Status odpowiedzi: 201, powód: Created
INFO:root:Status odpowiedzi: 201, powód: Created
INFO:root:Status odpowiedzi: 201, powód: Created
INFO:root:Status odpowiedzi: 201, powód: Created
INFO:root:Brak dostępnych Zaufany Skuter w Rakoczego 19 podczas 19-23:30
INFO:root:Brak dostępnych Zaufany E-bike w Rakoczego 19 podczas 19-23:30
INFO:root:Status odpowiedzi: 201, powód: Created
